Analysis & Synthesis report for Down2StateCounter2Hz
Wed May 18 20:40:42 2022
Quartus Prime Version 19.1.0 Build 670 09/22/2019 SJ Lite Edition


---------------------
; Table of Contents ;
---------------------
  1. Legal Notice
  2. Analysis & Synthesis Summary
  3. Analysis & Synthesis Settings
  4. Parallel Compilation
  5. Analysis & Synthesis Source Files Read
  6. Analysis & Synthesis Resource Usage Summary
  7. Analysis & Synthesis Resource Utilization by Entity
  8. General Register Statistics
  9. Inverted Register Statistics
 10. Multiplexer Restructuring Statistics (Restructuring Performed)
 11. Parameter Settings for User Entity Instance: Top-level Entity: |Down2StateCounter2Hz
 12. Parameter Settings for User Entity Instance: DebouncerUnit:debouncerKEY0
 13. Parameter Settings for User Entity Instance: geradorpulsosn:pulso2hz
 14. Parameter Settings for User Entity Instance: contadorincdecnbits:decrementador4bits
 15. Port Connectivity Checks: "descodificador7segmentos:desc7segmentos"
 16. Port Connectivity Checks: "contadorincdecnbits:decrementador4bits"
 17. Port Connectivity Checks: "geradorpulsosn:pulso2hz"
 18. Post-Synthesis Netlist Statistics for Top Partition
 19. Elapsed Time Per Partition
 20. Analysis & Synthesis Messages



----------------
; Legal Notice ;
----------------
Copyright (C) 2019  Intel Corporation. All rights reserved.
Your use of Intel Corporation's design tools, logic functions 
and other software and tools, and any partner logic 
functions, and any output files from any of the foregoing 
(including device programming or simulation files), and any 
associated documentation or information are expressly subject 
to the terms and conditions of the Intel Program License 
Subscription Agreement, the Intel Quartus Prime License Agreement,
the Intel FPGA IP License Agreement, or other applicable license
agreement, including, without limitation, that your use is for
the sole purpose of programming logic devices manufactured by
Intel and sold by Intel or its authorized distributors.  Please
refer to the applicable agreement for further details, at
https://fpgasoftware.intel.com/eula.



+----------------------------------------------------------------------------------+
; Analysis & Synthesis Summary                                                     ;
+------------------------------------+---------------------------------------------+
; Analysis & Synthesis Status        ; Successful - Wed May 18 20:40:42 2022       ;
; Quartus Prime Version              ; 19.1.0 Build 670 09/22/2019 SJ Lite Edition ;
; Revision Name                      ; Down2StateCounter2Hz                        ;
; Top-level Entity Name              ; down2statecounter2hz                        ;
; Family                             ; Cyclone IV E                                ;
; Total logic elements               ; 121                                         ;
;     Total combinational functions  ; 119                                         ;
;     Dedicated logic registers      ; 57                                          ;
; Total registers                    ; 57                                          ;
; Total pins                         ; 11                                          ;
; Total virtual pins                 ; 0                                           ;
; Total memory bits                  ; 0                                           ;
; Embedded Multiplier 9-bit elements ; 0                                           ;
; Total PLLs                         ; 0                                           ;
+------------------------------------+---------------------------------------------+


+----------------------------------------------------------------------------------------------------------------+
; Analysis & Synthesis Settings                                                                                  ;
+------------------------------------------------------------------+----------------------+----------------------+
; Option                                                           ; Setting              ; Default Value        ;
+------------------------------------------------------------------+----------------------+----------------------+
; Device                                                           ; EP4CE115F29C7        ;                      ;
; Top-level entity name                                            ; Down2StateCounter2Hz ; Down2StateCounter2Hz ;
; Family name                                                      ; Cyclone IV E         ; Cyclone V            ;
; VHDL Show LMF Mapping Messages                                   ; Off                  ;                      ;
; VHDL Version                                                     ; VHDL_2008            ; VHDL_1993            ;
; Use smart compilation                                            ; Off                  ; Off                  ;
; Enable parallel Assembler and Timing Analyzer during compilation ; On                   ; On                   ;
; Enable compact report table                                      ; Off                  ; Off                  ;
; Restructure Multiplexers                                         ; Auto                 ; Auto                 ;
; Create Debugging Nodes for IP Cores                              ; Off                  ; Off                  ;
; Preserve fewer node names                                        ; On                   ; On                   ;
; Intel FPGA IP Evaluation Mode                                    ; Enable               ; Enable               ;
; Verilog Version                                                  ; Verilog_2001         ; Verilog_2001         ;
; State Machine Processing                                         ; Auto                 ; Auto                 ;
; Safe State Machine                                               ; Off                  ; Off                  ;
; Extract Verilog State Machines                                   ; On                   ; On                   ;
; Extract VHDL State Machines                                      ; On                   ; On                   ;
; Ignore Verilog initial constructs                                ; Off                  ; Off                  ;
; Iteration limit for constant Verilog loops                       ; 5000                 ; 5000                 ;
; Iteration limit for non-constant Verilog loops                   ; 250                  ; 250                  ;
; Add Pass-Through Logic to Inferred RAMs                          ; On                   ; On                   ;
; Infer RAMs from Raw Logic                                        ; On                   ; On                   ;
; Parallel Synthesis                                               ; On                   ; On                   ;
; DSP Block Balancing                                              ; Auto                 ; Auto                 ;
; NOT Gate Push-Back                                               ; On                   ; On                   ;
; Power-Up Don't Care                                              ; On                   ; On                   ;
; Remove Redundant Logic Cells                                     ; Off                  ; Off                  ;
; Remove Duplicate Registers                                       ; On                   ; On                   ;
; Ignore CARRY Buffers                                             ; Off                  ; Off                  ;
; Ignore CASCADE Buffers                                           ; Off                  ; Off                  ;
; Ignore GLOBAL Buffers                                            ; Off                  ; Off                  ;
; Ignore ROW GLOBAL Buffers                                        ; Off                  ; Off                  ;
; Ignore LCELL Buffers                                             ; Off                  ; Off                  ;
; Ignore SOFT Buffers                                              ; On                   ; On                   ;
; Limit AHDL Integers to 32 Bits                                   ; Off                  ; Off                  ;
; Optimization Technique                                           ; Balanced             ; Balanced             ;
; Carry Chain Length                                               ; 70                   ; 70                   ;
; Auto Carry Chains                                                ; On                   ; On                   ;
; Auto Open-Drain Pins                                             ; On                   ; On                   ;
; Perform WYSIWYG Primitive Resynthesis                            ; Off                  ; Off                  ;
; Auto ROM Replacement                                             ; On                   ; On                   ;
; Auto RAM Replacement                                             ; On                   ; On                   ;
; Auto DSP Block Replacement                                       ; On                   ; On                   ;
; Auto Shift Register Replacement                                  ; Auto                 ; Auto                 ;
; Allow Shift Register Merging across Hierarchies                  ; Auto                 ; Auto                 ;
; Auto Clock Enable Replacement                                    ; On                   ; On                   ;
; Strict RAM Replacement                                           ; Off                  ; Off                  ;
; Allow Synchronous Control Signals                                ; On                   ; On                   ;
; Force Use of Synchronous Clear Signals                           ; Off                  ; Off                  ;
; Auto RAM Block Balancing                                         ; On                   ; On                   ;
; Auto RAM to Logic Cell Conversion                                ; Off                  ; Off                  ;
; Auto Resource Sharing                                            ; Off                  ; Off                  ;
; Allow Any RAM Size For Recognition                               ; Off                  ; Off                  ;
; Allow Any ROM Size For Recognition                               ; Off                  ; Off                  ;
; Allow Any Shift Register Size For Recognition                    ; Off                  ; Off                  ;
; Use LogicLock Constraints during Resource Balancing              ; On                   ; On                   ;
; Ignore translate_off and synthesis_off directives                ; Off                  ; Off                  ;
; Timing-Driven Synthesis                                          ; On                   ; On                   ;
; Report Parameter Settings                                        ; On                   ; On                   ;
; Report Source Assignments                                        ; On                   ; On                   ;
; Report Connectivity Checks                                       ; On                   ; On                   ;
; Ignore Maximum Fan-Out Assignments                               ; Off                  ; Off                  ;
; Synchronization Register Chain Length                            ; 2                    ; 2                    ;
; Power Optimization During Synthesis                              ; Normal compilation   ; Normal compilation   ;
; HDL message level                                                ; Level2               ; Level2               ;
; Suppress Register Optimization Related Messages                  ; Off                  ; Off                  ;
; Number of Removed Registers Reported in Synthesis Report         ; 5000                 ; 5000                 ;
; Number of Swept Nodes Reported in Synthesis Report               ; 5000                 ; 5000                 ;
; Number of Inverted Registers Reported in Synthesis Report        ; 100                  ; 100                  ;
; Clock MUX Protection                                             ; On                   ; On                   ;
; Auto Gated Clock Conversion                                      ; Off                  ; Off                  ;
; Block Design Naming                                              ; Auto                 ; Auto                 ;
; SDC constraint protection                                        ; Off                  ; Off                  ;
; Synthesis Effort                                                 ; Auto                 ; Auto                 ;
; Shift Register Replacement - Allow Asynchronous Clear Signal     ; On                   ; On                   ;
; Pre-Mapping Resynthesis Optimization                             ; Off                  ; Off                  ;
; Analysis & Synthesis Message Level                               ; Medium               ; Medium               ;
; Disable Register Merging Across Hierarchies                      ; Auto                 ; Auto                 ;
; Resource Aware Inference For Block RAM                           ; On                   ; On                   ;
+------------------------------------------------------------------+----------------------+----------------------+


+------------------------------------------+
; Parallel Compilation                     ;
+----------------------------+-------------+
; Processors                 ; Number      ;
+----------------------------+-------------+
; Number detected on machine ; 4           ;
; Maximum allowed            ; 2           ;
;                            ;             ;
; Average used               ; 1.00        ;
; Maximum used               ; 2           ;
;                            ;             ;
; Usage by Processor         ; % Time Used ;
;     Processor 1            ; 100.0%      ;
;     Processor 2            ;   0.0%      ;
+----------------------------+-------------+


+-------------------------------------------------------------------------------------------------------------------------------------------------------------------------------------------------+
; Analysis & Synthesis Source Files Read                                                                                                                                                          ;
+----------------------------------+-----------------+-----------------+----------------------------------------------------------------------------------------------------------------+---------+
; File Name with User-Entered Path ; Used in Netlist ; File Type       ; File Name with Absolute Path                                                                                   ; Library ;
+----------------------------------+-----------------+-----------------+----------------------------------------------------------------------------------------------------------------+---------+
; ContadorIncDecNBits.vhd          ; yes             ; User VHDL File  ; /home/maomv/Repositories/laboratorio-de-sistemas-digitais/projetos/projeto-demo-1/ContadorIncDecNBits.vhd      ;         ;
; Descodificador7Segmentos.vhd     ; yes             ; User VHDL File  ; /home/maomv/Repositories/laboratorio-de-sistemas-digitais/projetos/projeto-demo-1/Descodificador7Segmentos.vhd ;         ;
; Down2StateCounter2Hz.vhd         ; yes             ; User VHDL File  ; /home/maomv/Repositories/laboratorio-de-sistemas-digitais/projetos/projeto-demo-1/Down2StateCounter2Hz.vhd     ;         ;
; DebouncerUnit.vhd                ; yes             ; User VHDL File  ; /home/maomv/Repositories/laboratorio-de-sistemas-digitais/projetos/projeto-demo-1/DebouncerUnit.vhd            ;         ;
; GeradorPulsosN.vhd               ; yes             ; User VHDL File  ; /home/maomv/Repositories/laboratorio-de-sistemas-digitais/projetos/projeto-demo-1/GeradorPulsosN.vhd           ;         ;
+----------------------------------+-----------------+-----------------+----------------------------------------------------------------------------------------------------------------+---------+


+--------------------------------------------------------------+
; Analysis & Synthesis Resource Usage Summary                  ;
+---------------------------------------------+----------------+
; Resource                                    ; Usage          ;
+---------------------------------------------+----------------+
; Estimated Total logic elements              ; 121            ;
;                                             ;                ;
; Total combinational functions               ; 119            ;
; Logic element usage by number of LUT inputs ;                ;
;     -- 4 input functions                    ; 45             ;
;     -- 3 input functions                    ; 22             ;
;     -- <=2 input functions                  ; 52             ;
;                                             ;                ;
; Logic elements by mode                      ;                ;
;     -- normal mode                          ; 73             ;
;     -- arithmetic mode                      ; 46             ;
;                                             ;                ;
; Total registers                             ; 57             ;
;     -- Dedicated logic registers            ; 57             ;
;     -- I/O registers                        ; 0              ;
;                                             ;                ;
; I/O pins                                    ; 11             ;
;                                             ;                ;
; Embedded Multiplier 9-bit elements          ; 0              ;
;                                             ;                ;
; Maximum fan-out node                        ; clock_50~input ;
; Maximum fan-out                             ; 53             ;
; Total fan-out                               ; 523            ;
; Average fan-out                             ; 2.64           ;
+---------------------------------------------+----------------+


+-----------------------------------------------------------------------------------------------------------------------------------------------------------------------------------------------------------------------------------------------------------------------------------+
; Analysis & Synthesis Resource Utilization by Entity                                                                                                                                                                                                                               ;
+----------------------------------------------+---------------------+---------------------------+-------------+--------------+---------+-----------+------+--------------+---------------------------------------------------------------+--------------------------+--------------+
; Compilation Hierarchy Node                   ; Combinational ALUTs ; Dedicated Logic Registers ; Memory Bits ; DSP Elements ; DSP 9x9 ; DSP 18x18 ; Pins ; Virtual Pins ; Full Hierarchy Name                                           ; Entity Name              ; Library Name ;
+----------------------------------------------+---------------------+---------------------------+-------------+--------------+---------+-----------+------+--------------+---------------------------------------------------------------+--------------------------+--------------+
; |down2statecounter2hz                        ; 119 (1)             ; 57 (1)                    ; 0           ; 0            ; 0       ; 0         ; 11   ; 0            ; |down2statecounter2hz                                         ; down2statecounter2hz     ; work         ;
;    |DebouncerUnit:debouncerKEY0|             ; 67 (67)             ; 26 (26)                   ; 0           ; 0            ; 0       ; 0         ; 0    ; 0            ; |down2statecounter2hz|DebouncerUnit:debouncerKEY0             ; DebouncerUnit            ; work         ;
;    |contadorincdecnbits:decrementador4bits|  ; 5 (5)               ; 4 (4)                     ; 0           ; 0            ; 0       ; 0         ; 0    ; 0            ; |down2statecounter2hz|contadorincdecnbits:decrementador4bits  ; contadorincdecnbits      ; work         ;
;    |descodificador7segmentos:desc7segmentos| ; 7 (7)               ; 0 (0)                     ; 0           ; 0            ; 0       ; 0         ; 0    ; 0            ; |down2statecounter2hz|descodificador7segmentos:desc7segmentos ; descodificador7segmentos ; work         ;
;    |geradorpulsosn:pulso2hz|                 ; 39 (39)             ; 26 (26)                   ; 0           ; 0            ; 0       ; 0         ; 0    ; 0            ; |down2statecounter2hz|geradorpulsosn:pulso2hz                 ; geradorpulsosn           ; work         ;
+----------------------------------------------+---------------------+---------------------------+-------------+--------------+---------+-----------+------+--------------+---------------------------------------------------------------+--------------------------+--------------+
Note: For table entries with two numbers listed, the numbers in parentheses indicate the number of resources of the given type used by the specific entity alone. The numbers listed outside of parentheses indicate the total resources of the given type used by the specific entity and all of its sub-entities in the hierarchy.


+------------------------------------------------------+
; General Register Statistics                          ;
+----------------------------------------------+-------+
; Statistic                                    ; Value ;
+----------------------------------------------+-------+
; Total registers                              ; 57    ;
; Number of registers using Synchronous Clear  ; 25    ;
; Number of registers using Synchronous Load   ; 0     ;
; Number of registers using Asynchronous Clear ; 0     ;
; Number of registers using Asynchronous Load  ; 0     ;
; Number of registers using Clock Enable       ; 18    ;
; Number of registers using Preset             ; 0     ;
+----------------------------------------------+-------+


+--------------------------------------------------+
; Inverted Register Statistics                     ;
+----------------------------------------+---------+
; Inverted Register                      ; Fan out ;
+----------------------------------------+---------+
; s_key0                                 ; 1       ;
; Total number of inverted registers = 1 ;         ;
+----------------------------------------+---------+


+------------------------------------------------------------------------------------------------------------------------------------------------------------------------------------------+
; Multiplexer Restructuring Statistics (Restructuring Performed)                                                                                                                           ;
+--------------------+-----------+---------------+----------------------+------------------------+------------+----------------------------------------------------------------------------+
; Multiplexer Inputs ; Bus Width ; Baseline Area ; Area if Restructured ; Saving if Restructured ; Registered ; Example Multiplexer Output                                                 ;
+--------------------+-----------+---------------+----------------------+------------------------+------------+----------------------------------------------------------------------------+
; 5:1                ; 23 bits   ; 69 LEs        ; 46 LEs               ; 23 LEs                 ; Yes        ; |down2statecounter2hz|DebouncerUnit:debouncerKEY0|s_debounceCnt[20]        ;
; 16:1               ; 2 bits    ; 20 LEs        ; 16 LEs               ; 4 LEs                  ; No         ; |down2statecounter2hz|descodificador7segmentos:desc7segmentos|saidabinaria ;
+--------------------+-----------+---------------+----------------------+------------------------+------------+----------------------------------------------------------------------------+


+--------------------------------------------------------------------------------------+
; Parameter Settings for User Entity Instance: Top-level Entity: |Down2StateCounter2Hz ;
+----------------+-------+-------------------------------------------------------------+
; Parameter Name ; Value ; Type                                                        ;
+----------------+-------+-------------------------------------------------------------+
; n              ; 4     ; Signed Integer                                              ;
+----------------+-------+-------------------------------------------------------------+
Note: In order to hide this table in the UI and the text report file, please set the "Show Parameter Settings in Synthesis Report" option in "Analysis and Synthesis Settings -> More Settings" to "Off".


+--------------------------------------------------------------------------+
; Parameter Settings for User Entity Instance: DebouncerUnit:debouncerKEY0 ;
+----------------+-------+-------------------------------------------------+
; Parameter Name ; Value ; Type                                            ;
+----------------+-------+-------------------------------------------------+
; khzclkfreq     ; 50000 ; Signed Integer                                  ;
; msecmininwidth ; 100   ; Signed Integer                                  ;
; inpolarity     ; '0'   ; Enumerated                                      ;
; outpolarity    ; '1'   ; Enumerated                                      ;
+----------------+-------+-------------------------------------------------+
Note: In order to hide this table in the UI and the text report file, please set the "Show Parameter Settings in Synthesis Report" option in "Analysis and Synthesis Settings -> More Settings" to "Off".


+----------------------------------------------------------------------+
; Parameter Settings for User Entity Instance: geradorpulsosn:pulso2hz ;
+----------------+----------+------------------------------------------+
; Parameter Name ; Value    ; Type                                     ;
+----------------+----------+------------------------------------------+
; iteracoes      ; 25000000 ; Signed Integer                           ;
+----------------+----------+------------------------------------------+
Note: In order to hide this table in the UI and the text report file, please set the "Show Parameter Settings in Synthesis Report" option in "Analysis and Synthesis Settings -> More Settings" to "Off".


+-------------------------------------------------------------------------------------+
; Parameter Settings for User Entity Instance: contadorincdecnbits:decrementador4bits ;
+----------------+-------+------------------------------------------------------------+
; Parameter Name ; Value ; Type                                                       ;
+----------------+-------+------------------------------------------------------------+
; n              ; 4     ; Signed Integer                                             ;
+----------------+-------+------------------------------------------------------------+
Note: In order to hide this table in the UI and the text report file, please set the "Show Parameter Settings in Synthesis Report" option in "Analysis and Synthesis Settings -> More Settings" to "Off".


+---------------------------------------------------------------------+
; Port Connectivity Checks: "descodificador7segmentos:desc7segmentos" ;
+-------+-------+----------+------------------------------------------+
; Port  ; Type  ; Severity ; Details                                  ;
+-------+-------+----------+------------------------------------------+
; ativo ; Input ; Info     ; Stuck at VCC                             ;
+-------+-------+----------+------------------------------------------+


+--------------------------------------------------------------------+
; Port Connectivity Checks: "contadorincdecnbits:decrementador4bits" ;
+--------+-------+----------+----------------------------------------+
; Port   ; Type  ; Severity ; Details                                ;
+--------+-------+----------+----------------------------------------+
; incdec ; Input ; Info     ; Stuck at VCC                           ;
+--------+-------+----------+----------------------------------------+


+-----------------------------------------------------+
; Port Connectivity Checks: "geradorpulsosn:pulso2hz" ;
+---------+-------+----------+------------------------+
; Port    ; Type  ; Severity ; Details                ;
+---------+-------+----------+------------------------+
; resetar ; Input ; Info     ; Stuck at GND           ;
+---------+-------+----------+------------------------+


+-----------------------------------------------------+
; Post-Synthesis Netlist Statistics for Top Partition ;
+-----------------------+-----------------------------+
; Type                  ; Count                       ;
+-----------------------+-----------------------------+
; boundary_port         ; 11                          ;
; cycloneiii_ff         ; 57                          ;
;     ENA               ; 18                          ;
;     SCLR              ; 25                          ;
;     plain             ; 14                          ;
; cycloneiii_lcell_comb ; 119                         ;
;     arith             ; 46                          ;
;         2 data inputs ; 46                          ;
;     normal            ; 73                          ;
;         1 data inputs ; 3                           ;
;         2 data inputs ; 3                           ;
;         3 data inputs ; 22                          ;
;         4 data inputs ; 45                          ;
;                       ;                             ;
; Max LUT depth         ; 7.00                        ;
; Average LUT depth     ; 3.81                        ;
+-----------------------+-----------------------------+


+-------------------------------+
; Elapsed Time Per Partition    ;
+----------------+--------------+
; Partition Name ; Elapsed Time ;
+----------------+--------------+
; Top            ; 00:00:00     ;
+----------------+--------------+


+-------------------------------+
; Analysis & Synthesis Messages ;
+-------------------------------+
Info: *******************************************************************
Info: Running Quartus Prime Analysis & Synthesis
    Info: Version 19.1.0 Build 670 09/22/2019 SJ Lite Edition
    Info: Processing started: Wed May 18 20:40:33 2022
Info: Command: quartus_map --read_settings_files=on --write_settings_files=off Down2StateCounter2Hz -c Down2StateCounter2Hz
Warning (18236): Number of processors has not been specified which may cause overloading on shared machines.  Set the global assignment NUM_PARALLEL_PROCESSORS in your QSF to an appropriate value for best performance.
Info (20030): Parallel compilation is enabled and will use 2 of the 2 processors detected
Info (12021): Found 2 design units, including 1 entities, in source file DivisorFreqN.vhd
    Info (12022): Found design unit 1: divisorfreqn-behavioral File: /home/maomv/Repositories/laboratorio-de-sistemas-digitais/projetos/projeto-demo-1/DivisorFreqN.vhd Line: 16
    Info (12023): Found entity 1: divisorfreqn File: /home/maomv/Repositories/laboratorio-de-sistemas-digitais/projetos/projeto-demo-1/DivisorFreqN.vhd Line: 10
Info (12021): Found 2 design units, including 1 entities, in source file DivisorFreqNTb.vhd
    Info (12022): Found design unit 1: divisorfreqntb-stimulus File: /home/maomv/Repositories/laboratorio-de-sistemas-digitais/projetos/projeto-demo-1/DivisorFreqNTb.vhd Line: 7
    Info (12023): Found entity 1: divisorfreqntb File: /home/maomv/Repositories/laboratorio-de-sistemas-digitais/projetos/projeto-demo-1/DivisorFreqNTb.vhd Line: 4
Info (12021): Found 2 design units, including 1 entities, in source file ContadorIncDecNBits.vhd
    Info (12022): Found design unit 1: contadorincdecnbits-behavioral File: /home/maomv/Repositories/laboratorio-de-sistemas-digitais/projetos/projeto-demo-1/ContadorIncDecNBits.vhd Line: 17
    Info (12023): Found entity 1: contadorincdecnbits File: /home/maomv/Repositories/laboratorio-de-sistemas-digitais/projetos/projeto-demo-1/ContadorIncDecNBits.vhd Line: 9
Info (12021): Found 2 design units, including 1 entities, in source file ContadorIncDecNBitsTb.vhd
    Info (12022): Found design unit 1: contadorincdecnbitstb-stimulus File: /home/maomv/Repositories/laboratorio-de-sistemas-digitais/projetos/projeto-demo-1/ContadorIncDecNBitsTb.vhd Line: 7
    Info (12023): Found entity 1: contadorincdecnbitstb File: /home/maomv/Repositories/laboratorio-de-sistemas-digitais/projetos/projeto-demo-1/ContadorIncDecNBitsTb.vhd Line: 4
Info (12021): Found 2 design units, including 1 entities, in source file Descodificador7Segmentos.vhd
    Info (12022): Found design unit 1: descodificador7segmentos-behavioral File: /home/maomv/Repositories/laboratorio-de-sistemas-digitais/projetos/projeto-demo-1/Descodificador7Segmentos.vhd Line: 10
    Info (12023): Found entity 1: descodificador7segmentos File: /home/maomv/Repositories/laboratorio-de-sistemas-digitais/projetos/projeto-demo-1/Descodificador7Segmentos.vhd Line: 4
Info (12021): Found 2 design units, including 1 entities, in source file Down2StateCounter2Hz.vhd
    Info (12022): Found design unit 1: down2statecounter2hz-behavioral File: /home/maomv/Repositories/laboratorio-de-sistemas-digitais/projetos/projeto-demo-1/Down2StateCounter2Hz.vhd Line: 12
    Info (12023): Found entity 1: down2statecounter2hz File: /home/maomv/Repositories/laboratorio-de-sistemas-digitais/projetos/projeto-demo-1/Down2StateCounter2Hz.vhd Line: 4
Info (12021): Found 2 design units, including 1 entities, in source file DebouncerUnit.vhd
    Info (12022): Found design unit 1: DebouncerUnit-Behavioral File: /home/maomv/Repositories/laboratorio-de-sistemas-digitais/projetos/projeto-demo-1/DebouncerUnit.vhd Line: 15
    Info (12023): Found entity 1: DebouncerUnit File: /home/maomv/Repositories/laboratorio-de-sistemas-digitais/projetos/projeto-demo-1/DebouncerUnit.vhd Line: 5
Info (12021): Found 2 design units, including 1 entities, in source file DebouncerUnitTb.vhd
    Info (12022): Found design unit 1: debouncerunittb-stimulus File: /home/maomv/Repositories/laboratorio-de-sistemas-digitais/projetos/projeto-demo-1/DebouncerUnitTb.vhd Line: 7
    Info (12023): Found entity 1: debouncerunittb File: /home/maomv/Repositories/laboratorio-de-sistemas-digitais/projetos/projeto-demo-1/DebouncerUnitTb.vhd Line: 4
Info (12021): Found 2 design units, including 1 entities, in source file GeradorPulsosN.vhd
    Info (12022): Found design unit 1: geradorpulsosn-behavioral File: /home/maomv/Repositories/laboratorio-de-sistemas-digitais/projetos/projeto-demo-1/GeradorPulsosN.vhd Line: 17
    Info (12023): Found entity 1: geradorpulsosn File: /home/maomv/Repositories/laboratorio-de-sistemas-digitais/projetos/projeto-demo-1/GeradorPulsosN.vhd Line: 10
Info (12021): Found 2 design units, including 1 entities, in source file GeradorPulsosNTb.vhd
    Info (12022): Found design unit 1: geradorpulsosntb-stimulus File: /home/maomv/Repositories/laboratorio-de-sistemas-digitais/projetos/projeto-demo-1/GeradorPulsosNTb.vhd Line: 7
    Info (12023): Found entity 1: geradorpulsosntb File: /home/maomv/Repositories/laboratorio-de-sistemas-digitais/projetos/projeto-demo-1/GeradorPulsosNTb.vhd Line: 4
Info (12127): Elaborating entity "Down2StateCounter2Hz" for the top level hierarchy
Warning (10036): Verilog HDL or VHDL warning at Down2StateCounter2Hz.vhd(14): object "s_key1" assigned a value but never read File: /home/maomv/Repositories/laboratorio-de-sistemas-digitais/projetos/projeto-demo-1/Down2StateCounter2Hz.vhd Line: 14
Info (12129): Elaborating entity "DebouncerUnit" using architecture "A:behavioral" for hierarchy "DebouncerUnit:debouncerKEY0" File: /home/maomv/Repositories/laboratorio-de-sistemas-digitais/projetos/projeto-demo-1/Down2StateCounter2Hz.vhd Line: 31
Info (12129): Elaborating entity "geradorpulsosn" using architecture "A:behavioral" for hierarchy "geradorpulsosn:pulso2hz" File: /home/maomv/Repositories/laboratorio-de-sistemas-digitais/projetos/projeto-demo-1/Down2StateCounter2Hz.vhd Line: 65
Info (12129): Elaborating entity "contadorincdecnbits" using architecture "A:behavioral" for hierarchy "contadorincdecnbits:decrementador4bits" File: /home/maomv/Repositories/laboratorio-de-sistemas-digitais/projetos/projeto-demo-1/Down2StateCounter2Hz.vhd Line: 70
Info (12129): Elaborating entity "descodificador7segmentos" using architecture "A:behavioral" for hierarchy "descodificador7segmentos:desc7segmentos" File: /home/maomv/Repositories/laboratorio-de-sistemas-digitais/projetos/projeto-demo-1/Down2StateCounter2Hz.vhd Line: 77
Info (286030): Timing-Driven Synthesis is running
Info (16010): Generating hard_block partition "hard_block:auto_generated_inst"
    Info (16011): Adding 0 node(s), including 0 DDIO, 0 PLL, 0 transceiver and 0 LCELL
Warning (21074): Design contains 1 input pin(s) that do not drive logic
    Warning (15610): No output dependent on input pin "key[1]" File: /home/maomv/Repositories/laboratorio-de-sistemas-digitais/projetos/projeto-demo-1/Down2StateCounter2Hz.vhd Line: 8
Info (21057): Implemented 132 device resources after synthesis - the final resource count might be different
    Info (21058): Implemented 3 input pins
    Info (21059): Implemented 8 output pins
    Info (21061): Implemented 121 logic cells
Info: Quartus Prime Analysis & Synthesis was successful. 0 errors, 4 warnings
    Info: Peak virtual memory: 935 megabytes
    Info: Processing ended: Wed May 18 20:40:42 2022
    Info: Elapsed time: 00:00:09
    Info: Total CPU time (on all processors): 00:00:20


